<?xml version="1.0" encoding="UTF-8"?>
<Site BuildName="(empty)"
	BuildStamp="20231202-0525-Experimental"
	Name="(empty)"
	Generator="ctest-3.27.7"
	CompilerName=""
	CompilerVersion=""
	OSName="Linux"
	Hostname="muqiu0614-Lx"
	OSRelease="6.2.0-37-generic"
	OSVersion="#38~22.04.1-Ubuntu SMP PREEMPT_DYNAMIC Thu Nov  2 18:01:13 UTC 2"
	OSPlatform="x86_64"
	Is64Bits="1"
	VendorString="GenuineIntel"
	VendorID="Intel Corporation"
	FamilyID="6"
	ModelID="140"
	ProcessorCacheSize="8192"
	NumberOfLogicalCPU="2"
	NumberOfPhysicalCPU="2"
	TotalVirtualMemory="4289"
	TotalPhysicalMemory="1923"
	LogicalProcessorsPerPhysical="1"
	ProcessorClockFrequency="3187.2"
	>
	<Testing>
		<StartDateTime>Dec 02 13:25 CST</StartDateTime>
		<StartTestTime>1701494754</StartTestTime>
		<TestList/>
		<EndDateTime>Dec 02 13:25 CST</EndDateTime>
		<EndTestTime>1701494754</EndTestTime>
		<ElapsedMinutes>0</ElapsedMinutes>
	</Testing>
</Site>
